2020-11-19 11:01:13.472 [background-preinit] INFO  org.hibernate.validator.internal.util.Version - HV000001: Hibernate Validator 6.1.6.Final
2020-11-19 11:01:13.528 [main] INFO  com.yutu.YutuApplication - Starting YutuApplication on DESKTOP-1IB0DH2 with PID 684 (C:\Users\yutu897\IdeaProjects\yutu_cloud\target\classes started by yutu897 in C:\Users\yutu897\IdeaProjects\yutu_cloud)
2020-11-19 11:01:13.530 [main] INFO  com.yutu.YutuApplication - The following profiles are active: dev
2020-11-19 11:01:16.845 [main] INFO  o.s.d.r.config.RepositoryConfigurationDelegate - Multiple Spring Data modules found, entering strict repository configuration mode!
2020-11-19 11:01:16.858 [main] INFO  o.s.d.r.config.RepositoryConfigurationDelegate - Bootstrapping Spring Data Redis repositories in DEFAULT mode.
2020-11-19 11:01:17.065 [main] INFO  o.s.d.r.config.RepositoryConfigurationDelegate - Finished Spring Data repository scanning in 141ms. Found 0 Redis repository interfaces.
2020-11-19 11:01:18.974 [main] INFO  o.s.boot.web.embedded.tomcat.TomcatWebServer - Tomcat initialized with port(s): 8095 (http)
2020-11-19 11:01:18.996 [main] INFO  org.apache.coyote.http11.Http11NioProtocol - Initializing ProtocolHandler ["http-nio-8095"]
2020-11-19 11:01:18.998 [main] INFO  org.apache.catalina.core.StandardService - Starting service [Tomcat]
2020-11-19 11:01:18.999 [main] INFO  org.apache.catalina.core.StandardEngine - Starting Servlet engine: [Apache Tomcat/9.0.39]
2020-11-19 11:01:19.368 [main] INFO  o.a.c.core.ContainerBase.[Tomcat].[localhost].[/] - Initializing Spring embedded WebApplicationContext
2020-11-19 11:01:19.371 [main] INFO  o.s.b.w.s.c.ServletWebServerApplicationContext - Root WebApplicationContext: initialization completed in 5684 ms
2020-11-19 11:01:24.194 [main] INFO  o.s.scheduling.concurrent.ThreadPoolTaskExecutor - Initializing ExecutorService 'applicationTaskExecutor'
2020-11-19 11:01:24.980 [main] INFO  org.apache.coyote.http11.Http11NioProtocol - Starting ProtocolHandler ["http-nio-8095"]
2020-11-19 11:01:25.027 [main] INFO  o.s.boot.web.embedded.tomcat.TomcatWebServer - Tomcat started on port(s): 8095 (http) with context path ''
2020-11-19 11:01:25.039 [main] INFO  com.yutu.YutuApplication - Started YutuApplication in 12.837 seconds (JVM running for 19.642)
2020-11-19 11:04:34.705 [http-nio-8095-exec-1] INFO  o.a.c.core.ContainerBase.[Tomcat].[localhost].[/] - Initializing Spring DispatcherServlet 'dispatcherServlet'
2020-11-19 11:04:34.706 [http-nio-8095-exec-1] INFO  org.springframework.web.servlet.DispatcherServlet - Initializing Servlet 'dispatcherServlet'
2020-11-19 11:04:34.719 [http-nio-8095-exec-1] INFO  org.springframework.web.servlet.DispatcherServlet - Completed initialization in 13 ms
2020-11-19 11:04:35.530 [http-nio-8095-exec-7] INFO  com.yutu.utils.frame.BlacklistUitls - ============>1;-----------<>0:0:0:0:0:0:0:1;------------<>/login/captchato;------------<>Thu Nov 19 11:04:35 CST 2020;
2020-11-19 11:04:39.082 [http-nio-8095-exec-3] INFO  com.yutu.utils.frame.BlacklistUitls - ============>2;-----------<>0:0:0:0:0:0:0:1;------------<>/login/verification;------------<>Thu Nov 19 11:04:35 CST 2020;
2020-11-19 11:04:42.176 [http-nio-8095-exec-3] INFO  com.alibaba.druid.pool.DruidDataSource - {dataSource-1} inited
2020-11-19 11:04:42.221 [Druid-ConnectionPool-Create-210013443] INFO  com.alibaba.druid.pool.DruidAbstractDataSource - {dataSource-1} failContinuous is true
2020-11-19 11:04:42.454 [http-nio-8095-exec-1] INFO  com.yutu.utils.frame.BlacklistUitls - ============>3;-----------<>0:0:0:0:0:0:0:1;------------<>/login/captchato;------------<>Thu Nov 19 11:04:35 CST 2020;
2020-11-19 11:10:52.669 [background-preinit] INFO  org.hibernate.validator.internal.util.Version - HV000001: Hibernate Validator 6.1.6.Final
2020-11-19 11:10:52.726 [main] INFO  com.yutu.YutuApplication - Starting YutuApplication on DESKTOP-1IB0DH2 with PID 13592 (C:\Users\yutu897\IdeaProjects\yutu_cloud\target\classes started by yutu897 in C:\Users\yutu897\IdeaProjects\yutu_cloud)
2020-11-19 11:10:52.727 [main] INFO  com.yutu.YutuApplication - The following profiles are active: dev
2020-11-19 11:10:54.666 [main] INFO  o.s.d.r.config.RepositoryConfigurationDelegate - Multiple Spring Data modules found, entering strict repository configuration mode!
2020-11-19 11:10:54.673 [main] INFO  o.s.d.r.config.RepositoryConfigurationDelegate - Bootstrapping Spring Data Redis repositories in DEFAULT mode.
2020-11-19 11:10:54.852 [main] INFO  o.s.d.r.config.RepositoryConfigurationDelegate - Finished Spring Data repository scanning in 147ms. Found 0 Redis repository interfaces.
2020-11-19 11:10:55.808 [main] INFO  o.s.boot.web.embedded.tomcat.TomcatWebServer - Tomcat initialized with port(s): 8095 (http)
2020-11-19 11:10:55.821 [main] INFO  org.apache.coyote.http11.Http11NioProtocol - Initializing ProtocolHandler ["http-nio-8095"]
2020-11-19 11:10:55.823 [main] INFO  org.apache.catalina.core.StandardService - Starting service [Tomcat]
2020-11-19 11:10:55.823 [main] INFO  org.apache.catalina.core.StandardEngine - Starting Servlet engine: [Apache Tomcat/9.0.39]
2020-11-19 11:10:56.022 [main] INFO  o.a.c.core.ContainerBase.[Tomcat].[localhost].[/] - Initializing Spring embedded WebApplicationContext
2020-11-19 11:10:56.023 [main] INFO  o.s.b.w.s.c.ServletWebServerApplicationContext - Root WebApplicationContext: initialization completed in 3186 ms
2020-11-19 11:10:57.347 [main] INFO  o.s.scheduling.concurrent.ThreadPoolTaskExecutor - Initializing ExecutorService 'applicationTaskExecutor'
2020-11-19 11:10:57.715 [main] INFO  org.apache.coyote.http11.Http11NioProtocol - Starting ProtocolHandler ["http-nio-8095"]
2020-11-19 11:10:57.746 [main] INFO  o.s.boot.web.embedded.tomcat.TomcatWebServer - Tomcat started on port(s): 8095 (http) with context path ''
2020-11-19 11:10:57.758 [main] INFO  com.yutu.YutuApplication - Started YutuApplication in 6.759 seconds (JVM running for 10.614)
2020-11-19 11:11:13.158 [http-nio-8095-exec-1] INFO  o.a.c.core.ContainerBase.[Tomcat].[localhost].[/] - Initializing Spring DispatcherServlet 'dispatcherServlet'
2020-11-19 11:11:13.160 [http-nio-8095-exec-1] INFO  org.springframework.web.servlet.DispatcherServlet - Initializing Servlet 'dispatcherServlet'
2020-11-19 11:11:13.172 [http-nio-8095-exec-1] INFO  org.springframework.web.servlet.DispatcherServlet - Completed initialization in 12 ms
2020-11-19 11:11:14.085 [http-nio-8095-exec-2] INFO  com.yutu.utils.frame.BlacklistUitls - ============>1;-----------<>0:0:0:0:0:0:0:1;------------<>/login/captchato;------------<>Thu Nov 19 11:11:14 CST 2020;
2020-11-19 11:11:19.410 [http-nio-8095-exec-4] INFO  com.yutu.utils.frame.BlacklistUitls - ============>2;-----------<>0:0:0:0:0:0:0:1;------------<>/login/verification;------------<>Thu Nov 19 11:11:14 CST 2020;
2020-11-19 11:11:24.574 [http-nio-8095-exec-4] INFO  com.alibaba.druid.pool.DruidDataSource - {dataSource-1} inited
2020-11-19 11:11:25.648 [http-nio-8095-exec-7] INFO  com.yutu.utils.frame.BlacklistUitls - ============>3;-----------<>0:0:0:0:0:0:0:1;------------<>/home/menu/sys/list;------------<>Thu Nov 19 11:11:14 CST 2020;
2020-11-19 11:11:28.022 [http-nio-8095-exec-5] INFO  com.yutu.utils.frame.BlacklistUitls - ============>4;-----------<>0:0:0:0:0:0:0:1;------------<>/login/logout;------------<>Thu Nov 19 11:11:14 CST 2020;
2020-11-19 11:11:28.037 [http-nio-8095-exec-5] INFO  com.yutu.filter.MyFilter - =============================>系统门户网站日志插入1条-------------------------------

2020-11-19 11:11:28.221 [http-nio-8095-exec-6] INFO  com.yutu.utils.frame.BlacklistUitls - ============>5;-----------<>0:0:0:0:0:0:0:1;------------<>/login/captchato;------------<>Thu Nov 19 11:11:14 CST 2020;
