2020-11-10 20:05:37.640 [main] INFO  com.yutu.YutuApplication - Starting YutuApplication on DESKTOP-1IB0DH2 with PID 17600 (C:\Users\yutu897\IdeaProjects\yutu_cloud\target\classes started by yutu897 in C:\Users\yutu897\IdeaProjects\yutu_cloud)
2020-11-10 20:05:37.647 [main] INFO  com.yutu.YutuApplication - The following profiles are active: dev
2020-11-10 20:05:39.825 [main] INFO  o.s.b.a.l.ConditionEvaluationReportLoggingListener - 

Error starting ApplicationContext. To display the conditions report re-run your application with 'debug' enabled.
2020-11-10 20:13:13.221 [background-preinit] INFO  org.hibernate.validator.internal.util.Version - HV000001: Hibernate Validator 6.1.6.Final
2020-11-10 20:13:13.320 [main] INFO  com.yutu.YutuApplication - Starting YutuApplication on DESKTOP-1IB0DH2 with PID 17340 (C:\Users\yutu897\IdeaProjects\yutu_cloud\target\classes started by yutu897 in C:\Users\yutu897\IdeaProjects\yutu_cloud)
2020-11-10 20:13:13.322 [main] INFO  com.yutu.YutuApplication - The following profiles are active: dev
2020-11-10 20:13:15.829 [main] INFO  o.s.d.r.config.RepositoryConfigurationDelegate - Multiple Spring Data modules found, entering strict repository configuration mode!
2020-11-10 20:13:15.834 [main] INFO  o.s.d.r.config.RepositoryConfigurationDelegate - Bootstrapping Spring Data Redis repositories in DEFAULT mode.
2020-11-10 20:13:15.964 [main] INFO  o.s.d.r.config.RepositoryConfigurationDelegate - Finished Spring Data repository scanning in 103ms. Found 0 Redis repository interfaces.
2020-11-10 20:13:17.434 [main] INFO  o.s.boot.web.embedded.tomcat.TomcatWebServer - Tomcat initialized with port(s): 8095 (http)
2020-11-10 20:13:17.451 [main] INFO  org.apache.coyote.http11.Http11NioProtocol - Initializing ProtocolHandler ["http-nio-8095"]
2020-11-10 20:13:17.452 [main] INFO  org.apache.catalina.core.StandardService - Starting service [Tomcat]
2020-11-10 20:13:17.453 [main] INFO  org.apache.catalina.core.StandardEngine - Starting Servlet engine: [Apache Tomcat/9.0.39]
2020-11-10 20:13:17.785 [main] INFO  o.a.c.core.ContainerBase.[Tomcat].[localhost].[/] - Initializing Spring embedded WebApplicationContext
2020-11-10 20:13:17.786 [main] INFO  o.s.b.w.s.c.ServletWebServerApplicationContext - Root WebApplicationContext: initialization completed in 4255 ms
2020-11-10 20:13:20.254 [main] INFO  com.alibaba.druid.pool.DruidDataSource - {dataSource-0} closing ...
2020-11-10 20:13:20.292 [main] INFO  org.apache.catalina.core.StandardService - Stopping service [Tomcat]
2020-11-10 20:13:20.793 [main] INFO  o.s.b.a.l.ConditionEvaluationReportLoggingListener - 

Error starting ApplicationContext. To display the conditions report re-run your application with 'debug' enabled.
2020-11-10 20:15:16.299 [background-preinit] INFO  org.hibernate.validator.internal.util.Version - HV000001: Hibernate Validator 6.1.6.Final
2020-11-10 20:15:16.314 [main] INFO  com.yutu.YutuApplication - Starting YutuApplication on DESKTOP-1IB0DH2 with PID 5180 (C:\Users\yutu897\IdeaProjects\yutu_cloud\target\classes started by yutu897 in C:\Users\yutu897\IdeaProjects\yutu_cloud)
2020-11-10 20:15:16.322 [main] INFO  com.yutu.YutuApplication - The following profiles are active: dev
2020-11-10 20:15:19.159 [main] INFO  o.s.d.r.config.RepositoryConfigurationDelegate - Multiple Spring Data modules found, entering strict repository configuration mode!
2020-11-10 20:15:19.165 [main] INFO  o.s.d.r.config.RepositoryConfigurationDelegate - Bootstrapping Spring Data Redis repositories in DEFAULT mode.
2020-11-10 20:15:19.332 [main] INFO  o.s.d.r.config.RepositoryConfigurationDelegate - Finished Spring Data repository scanning in 131ms. Found 0 Redis repository interfaces.
2020-11-10 20:15:21.359 [main] INFO  o.s.boot.web.embedded.tomcat.TomcatWebServer - Tomcat initialized with port(s): 8095 (http)
2020-11-10 20:15:21.467 [main] INFO  org.apache.coyote.http11.Http11NioProtocol - Initializing ProtocolHandler ["http-nio-8095"]
2020-11-10 20:15:21.475 [main] INFO  org.apache.catalina.core.StandardService - Starting service [Tomcat]
2020-11-10 20:15:21.477 [main] INFO  org.apache.catalina.core.StandardEngine - Starting Servlet engine: [Apache Tomcat/9.0.39]
2020-11-10 20:15:21.912 [main] INFO  o.a.c.core.ContainerBase.[Tomcat].[localhost].[/] - Initializing Spring embedded WebApplicationContext
2020-11-10 20:15:21.913 [main] INFO  o.s.b.w.s.c.ServletWebServerApplicationContext - Root WebApplicationContext: initialization completed in 5404 ms
2020-11-10 20:15:24.577 [main] INFO  com.alibaba.druid.pool.DruidDataSource - {dataSource-0} closing ...
2020-11-10 20:15:24.609 [main] INFO  org.apache.catalina.core.StandardService - Stopping service [Tomcat]
2020-11-10 20:15:24.919 [main] INFO  o.s.b.a.l.ConditionEvaluationReportLoggingListener - 

Error starting ApplicationContext. To display the conditions report re-run your application with 'debug' enabled.
2020-11-10 20:16:51.103 [background-preinit] INFO  org.hibernate.validator.internal.util.Version - HV000001: Hibernate Validator 6.1.6.Final
2020-11-10 20:16:51.144 [main] INFO  com.yutu.YutuApplication - Starting YutuApplication on DESKTOP-1IB0DH2 with PID 16520 (C:\Users\yutu897\IdeaProjects\yutu_cloud\target\classes started by yutu897 in C:\Users\yutu897\IdeaProjects\yutu_cloud)
2020-11-10 20:16:51.146 [main] INFO  com.yutu.YutuApplication - The following profiles are active: dev
2020-11-10 20:16:52.671 [main] INFO  o.s.d.r.config.RepositoryConfigurationDelegate - Multiple Spring Data modules found, entering strict repository configuration mode!
2020-11-10 20:16:52.675 [main] INFO  o.s.d.r.config.RepositoryConfigurationDelegate - Bootstrapping Spring Data Redis repositories in DEFAULT mode.
2020-11-10 20:16:52.782 [main] INFO  o.s.d.r.config.RepositoryConfigurationDelegate - Finished Spring Data repository scanning in 89ms. Found 0 Redis repository interfaces.
2020-11-10 20:16:54.023 [main] INFO  o.s.boot.web.embedded.tomcat.TomcatWebServer - Tomcat initialized with port(s): 8095 (http)
2020-11-10 20:16:54.046 [main] INFO  org.apache.coyote.http11.Http11NioProtocol - Initializing ProtocolHandler ["http-nio-8095"]
2020-11-10 20:16:54.049 [main] INFO  org.apache.catalina.core.StandardService - Starting service [Tomcat]
2020-11-10 20:16:54.050 [main] INFO  org.apache.catalina.core.StandardEngine - Starting Servlet engine: [Apache Tomcat/9.0.39]
2020-11-10 20:16:54.406 [main] INFO  o.a.c.core.ContainerBase.[Tomcat].[localhost].[/] - Initializing Spring embedded WebApplicationContext
2020-11-10 20:16:54.407 [main] INFO  o.s.b.w.s.c.ServletWebServerApplicationContext - Root WebApplicationContext: initialization completed in 3116 ms
2020-11-10 20:16:58.269 [main] INFO  o.s.scheduling.concurrent.ThreadPoolTaskExecutor - Initializing ExecutorService 'applicationTaskExecutor'
2020-11-10 20:16:58.718 [main] INFO  o.s.scheduling.concurrent.ThreadPoolTaskScheduler - Initializing ExecutorService 'taskScheduler'
2020-11-10 20:16:58.771 [main] INFO  org.apache.coyote.http11.Http11NioProtocol - Starting ProtocolHandler ["http-nio-8095"]
2020-11-10 20:16:58.827 [main] INFO  o.s.boot.web.embedded.tomcat.TomcatWebServer - Tomcat started on port(s): 8095 (http) with context path ''
2020-11-10 20:16:58.842 [main] INFO  com.yutu.YutuApplication - Started YutuApplication in 9.13 seconds (JVM running for 12.85)
2020-11-10 20:18:07.041 [http-nio-8095-exec-1] INFO  o.a.c.core.ContainerBase.[Tomcat].[localhost].[/] - Initializing Spring DispatcherServlet 'dispatcherServlet'
2020-11-10 20:18:07.042 [http-nio-8095-exec-1] INFO  org.springframework.web.servlet.DispatcherServlet - Initializing Servlet 'dispatcherServlet'
2020-11-10 20:18:07.053 [http-nio-8095-exec-1] INFO  org.springframework.web.servlet.DispatcherServlet - Completed initialization in 10 ms
2020-11-10 20:19:01.599 [background-preinit] INFO  org.hibernate.validator.internal.util.Version - HV000001: Hibernate Validator 6.1.6.Final
2020-11-10 20:19:01.648 [main] INFO  com.yutu.YutuApplication - Starting YutuApplication on DESKTOP-1IB0DH2 with PID 3768 (C:\Users\yutu897\IdeaProjects\yutu_cloud\target\classes started by yutu897 in C:\Users\yutu897\IdeaProjects\yutu_cloud)
2020-11-10 20:19:01.650 [main] INFO  com.yutu.YutuApplication - The following profiles are active: dev
2020-11-10 20:19:03.294 [main] INFO  o.s.d.r.config.RepositoryConfigurationDelegate - Multiple Spring Data modules found, entering strict repository configuration mode!
2020-11-10 20:19:03.302 [main] INFO  o.s.d.r.config.RepositoryConfigurationDelegate - Bootstrapping Spring Data Redis repositories in DEFAULT mode.
2020-11-10 20:19:03.461 [main] INFO  o.s.d.r.config.RepositoryConfigurationDelegate - Finished Spring Data repository scanning in 130ms. Found 0 Redis repository interfaces.
2020-11-10 20:19:04.803 [main] INFO  o.s.boot.web.embedded.tomcat.TomcatWebServer - Tomcat initialized with port(s): 8095 (http)
2020-11-10 20:19:04.821 [main] INFO  org.apache.coyote.http11.Http11NioProtocol - Initializing ProtocolHandler ["http-nio-8095"]
2020-11-10 20:19:04.822 [main] INFO  org.apache.catalina.core.StandardService - Starting service [Tomcat]
2020-11-10 20:19:04.823 [main] INFO  org.apache.catalina.core.StandardEngine - Starting Servlet engine: [Apache Tomcat/9.0.39]
2020-11-10 20:19:05.076 [main] INFO  o.a.c.core.ContainerBase.[Tomcat].[localhost].[/] - Initializing Spring embedded WebApplicationContext
2020-11-10 20:19:05.076 [main] INFO  o.s.b.w.s.c.ServletWebServerApplicationContext - Root WebApplicationContext: initialization completed in 3308 ms
2020-11-10 20:19:07.047 [main] INFO  o.s.scheduling.concurrent.ThreadPoolTaskExecutor - Initializing ExecutorService 'applicationTaskExecutor'
2020-11-10 20:19:07.575 [main] INFO  o.s.scheduling.concurrent.ThreadPoolTaskScheduler - Initializing ExecutorService 'taskScheduler'
2020-11-10 20:19:07.638 [main] INFO  org.apache.coyote.http11.Http11NioProtocol - Starting ProtocolHandler ["http-nio-8095"]
2020-11-10 20:19:07.680 [main] INFO  o.s.boot.web.embedded.tomcat.TomcatWebServer - Tomcat started on port(s): 8095 (http) with context path ''
2020-11-10 20:19:07.699 [main] INFO  com.yutu.YutuApplication - Started YutuApplication in 8.168 seconds (JVM running for 12.181)
2020-11-10 20:19:27.029 [http-nio-8095-exec-2] INFO  o.a.c.core.ContainerBase.[Tomcat].[localhost].[/] - Initializing Spring DispatcherServlet 'dispatcherServlet'
2020-11-10 20:19:27.030 [http-nio-8095-exec-2] INFO  org.springframework.web.servlet.DispatcherServlet - Initializing Servlet 'dispatcherServlet'
2020-11-10 20:19:27.045 [http-nio-8095-exec-2] INFO  org.springframework.web.servlet.DispatcherServlet - Completed initialization in 14 ms
2020-11-10 20:22:20.262 [background-preinit] INFO  org.hibernate.validator.internal.util.Version - HV000001: Hibernate Validator 6.1.6.Final
2020-11-10 20:22:20.348 [main] INFO  com.yutu.YutuApplication - Starting YutuApplication on DESKTOP-1IB0DH2 with PID 16408 (C:\Users\yutu897\IdeaProjects\yutu_cloud\target\classes started by yutu897 in C:\Users\yutu897\IdeaProjects\yutu_cloud)
2020-11-10 20:22:20.350 [main] INFO  com.yutu.YutuApplication - The following profiles are active: dev
2020-11-10 20:22:22.185 [main] INFO  o.s.d.r.config.RepositoryConfigurationDelegate - Multiple Spring Data modules found, entering strict repository configuration mode!
2020-11-10 20:22:22.190 [main] INFO  o.s.d.r.config.RepositoryConfigurationDelegate - Bootstrapping Spring Data Redis repositories in DEFAULT mode.
2020-11-10 20:22:22.339 [main] INFO  o.s.d.r.config.RepositoryConfigurationDelegate - Finished Spring Data repository scanning in 120ms. Found 0 Redis repository interfaces.
2020-11-10 20:22:23.449 [main] INFO  o.s.boot.web.embedded.tomcat.TomcatWebServer - Tomcat initialized with port(s): 8095 (http)
2020-11-10 20:22:23.466 [main] INFO  org.apache.coyote.http11.Http11NioProtocol - Initializing ProtocolHandler ["http-nio-8095"]
2020-11-10 20:22:23.467 [main] INFO  org.apache.catalina.core.StandardService - Starting service [Tomcat]
2020-11-10 20:22:23.468 [main] INFO  org.apache.catalina.core.StandardEngine - Starting Servlet engine: [Apache Tomcat/9.0.39]
2020-11-10 20:22:23.648 [main] INFO  o.a.c.core.ContainerBase.[Tomcat].[localhost].[/] - Initializing Spring embedded WebApplicationContext
2020-11-10 20:22:23.649 [main] INFO  o.s.b.w.s.c.ServletWebServerApplicationContext - Root WebApplicationContext: initialization completed in 3149 ms
2020-11-10 20:22:25.703 [main] INFO  o.s.scheduling.concurrent.ThreadPoolTaskExecutor - Initializing ExecutorService 'applicationTaskExecutor'
2020-11-10 20:22:26.197 [main] INFO  o.s.scheduling.concurrent.ThreadPoolTaskScheduler - Initializing ExecutorService 'taskScheduler'
2020-11-10 20:22:26.281 [main] INFO  org.apache.coyote.http11.Http11NioProtocol - Starting ProtocolHandler ["http-nio-8095"]
2020-11-10 20:22:26.329 [main] INFO  o.s.boot.web.embedded.tomcat.TomcatWebServer - Tomcat started on port(s): 8095 (http) with context path ''
2020-11-10 20:22:26.353 [main] INFO  com.yutu.YutuApplication - Started YutuApplication in 8.452 seconds (JVM running for 12.533)
2020-11-10 20:22:59.949 [http-nio-8095-exec-2] INFO  o.a.c.core.ContainerBase.[Tomcat].[localhost].[/] - Initializing Spring DispatcherServlet 'dispatcherServlet'
2020-11-10 20:22:59.950 [http-nio-8095-exec-2] INFO  org.springframework.web.servlet.DispatcherServlet - Initializing Servlet 'dispatcherServlet'
2020-11-10 20:22:59.968 [http-nio-8095-exec-2] INFO  org.springframework.web.servlet.DispatcherServlet - Completed initialization in 18 ms
2020-11-10 20:23:03.401 [http-nio-8095-exec-1] INFO  com.yutu.utils.frame.BlacklistUitls - ============>1;-----------<>0:0:0:0:0:0:0:1;------------<>/login/captchato;------------<>Tue Nov 10 20:23:03 CST 2020;
2020-11-10 20:23:07.885 [http-nio-8095-exec-8] INFO  com.yutu.utils.frame.BlacklistUitls - ============>2;-----------<>0:0:0:0:0:0:0:1;------------<>/login/verification;------------<>Tue Nov 10 20:23:03 CST 2020;
2020-11-10 20:23:10.504 [http-nio-8095-exec-8] INFO  com.alibaba.druid.pool.DruidDataSource - {dataSource-1} inited
2020-11-10 20:23:11.317 [http-nio-8095-exec-10] INFO  com.yutu.utils.frame.BlacklistUitls - ============>3;-----------<>0:0:0:0:0:0:0:1;------------<>/login/captchato;------------<>Tue Nov 10 20:23:03 CST 2020;
2020-11-10 20:23:31.741 [SpringContextShutdownHook] INFO  o.s.scheduling.concurrent.ThreadPoolTaskScheduler - Shutting down ExecutorService 'taskScheduler'
2020-11-10 20:23:31.744 [SpringContextShutdownHook] INFO  o.s.scheduling.concurrent.ThreadPoolTaskExecutor - Shutting down ExecutorService 'applicationTaskExecutor'
2020-11-10 20:23:31.746 [SpringContextShutdownHook] INFO  com.alibaba.druid.pool.DruidDataSource - {dataSource-0} closing ...
2020-11-10 20:23:31.748 [SpringContextShutdownHook] INFO  com.alibaba.druid.pool.DruidDataSource - {dataSource-1} closing ...
2020-11-10 20:23:32.880 [SpringContextShutdownHook] INFO  com.alibaba.druid.pool.DruidDataSource - {dataSource-1} closed
2020-11-10 20:25:50.582 [background-preinit] INFO  org.hibernate.validator.internal.util.Version - HV000001: Hibernate Validator 6.1.6.Final
2020-11-10 20:25:50.652 [main] INFO  com.yutu.YutuApplication - Starting YutuApplication on DESKTOP-1IB0DH2 with PID 12328 (C:\Users\yutu897\IdeaProjects\yutu_cloud\target\classes started by yutu897 in C:\Users\yutu897\IdeaProjects\yutu_cloud)
2020-11-10 20:25:50.653 [main] INFO  com.yutu.YutuApplication - The following profiles are active: dev
2020-11-10 20:25:52.594 [main] INFO  o.s.d.r.config.RepositoryConfigurationDelegate - Multiple Spring Data modules found, entering strict repository configuration mode!
2020-11-10 20:25:52.599 [main] INFO  o.s.d.r.config.RepositoryConfigurationDelegate - Bootstrapping Spring Data Redis repositories in DEFAULT mode.
2020-11-10 20:25:52.733 [main] INFO  o.s.d.r.config.RepositoryConfigurationDelegate - Finished Spring Data repository scanning in 112ms. Found 0 Redis repository interfaces.
2020-11-10 20:25:53.934 [main] INFO  o.s.boot.web.embedded.tomcat.TomcatWebServer - Tomcat initialized with port(s): 8095 (http)
2020-11-10 20:25:53.968 [main] INFO  org.apache.coyote.http11.Http11NioProtocol - Initializing ProtocolHandler ["http-nio-8095"]
2020-11-10 20:25:53.969 [main] INFO  org.apache.catalina.core.StandardService - Starting service [Tomcat]
2020-11-10 20:25:53.970 [main] INFO  org.apache.catalina.core.StandardEngine - Starting Servlet engine: [Apache Tomcat/9.0.39]
2020-11-10 20:25:54.212 [main] INFO  o.a.c.core.ContainerBase.[Tomcat].[localhost].[/] - Initializing Spring embedded WebApplicationContext
2020-11-10 20:25:54.212 [main] INFO  o.s.b.w.s.c.ServletWebServerApplicationContext - Root WebApplicationContext: initialization completed in 3414 ms
2020-11-10 20:25:56.681 [main] INFO  o.s.scheduling.concurrent.ThreadPoolTaskExecutor - Initializing ExecutorService 'applicationTaskExecutor'
2020-11-10 20:25:57.383 [main] INFO  o.s.scheduling.concurrent.ThreadPoolTaskScheduler - Initializing ExecutorService 'taskScheduler'
2020-11-10 20:25:57.535 [main] INFO  org.apache.coyote.http11.Http11NioProtocol - Starting ProtocolHandler ["http-nio-8095"]
2020-11-10 20:25:57.624 [main] INFO  o.s.boot.web.embedded.tomcat.TomcatWebServer - Tomcat started on port(s): 8095 (http) with context path ''
2020-11-10 20:25:57.684 [main] INFO  com.yutu.YutuApplication - Started YutuApplication in 10.293 seconds (JVM running for 14.406)
2020-11-10 20:27:08.478 [http-nio-8095-exec-1] INFO  o.a.c.core.ContainerBase.[Tomcat].[localhost].[/] - Initializing Spring DispatcherServlet 'dispatcherServlet'
2020-11-10 20:27:08.479 [http-nio-8095-exec-1] INFO  org.springframework.web.servlet.DispatcherServlet - Initializing Servlet 'dispatcherServlet'
2020-11-10 20:27:08.497 [http-nio-8095-exec-1] INFO  org.springframework.web.servlet.DispatcherServlet - Completed initialization in 17 ms
2020-11-10 20:27:09.311 [http-nio-8095-exec-9] INFO  com.yutu.utils.frame.BlacklistUitls - ============>1;-----------<>0:0:0:0:0:0:0:1;------------<>/login/captchato;------------<>Tue Nov 10 20:27:09 CST 2020;
2020-11-10 20:27:12.067 [http-nio-8095-exec-1] INFO  com.yutu.utils.frame.BlacklistUitls - ============>2;-----------<>0:0:0:0:0:0:0:1;------------<>/login/verification;------------<>Tue Nov 10 20:27:09 CST 2020;
2020-11-10 20:27:14.452 [http-nio-8095-exec-1] INFO  com.alibaba.druid.pool.DruidDataSource - {dataSource-1} inited
2020-11-10 20:27:15.177 [http-nio-8095-exec-2] INFO  com.yutu.utils.frame.BlacklistUitls - ============>3;-----------<>0:0:0:0:0:0:0:1;------------<>/login/verification;------------<>Tue Nov 10 20:27:09 CST 2020;
2020-11-10 20:27:15.648 [http-nio-8095-exec-7] INFO  com.yutu.utils.frame.BlacklistUitls - ============>4;-----------<>0:0:0:0:0:0:0:1;------------<>/home/menu/sys/list;------------<>Tue Nov 10 20:27:09 CST 2020;
